<?xml version="1.0" encoding="UTF-8"?>
<!-- Generated by org.testng.reporters.JUnitReportReporter -->
<testsuite hostname="Vikash-Mishra" failures="0" tests="1" name="Test.Vehicle_Inward_Test" time="47.527" errors="0" timestamp="2024-08-31T17:37:18 IST" skipped="0">
  <testcase classname="Test.Vehicle_Inward_Test" name="testVehicleInward" time="47.527"/>
  <system-out/>
</testsuite> <!-- Test.Vehicle_Inward_Test -->
