<?xml version="1.0" encoding="UTF-8"?>
<!-- Generated by org.testng.reporters.JUnitReportReporter -->
<testsuite hostname="Vikash-Mishra" failures="0" tests="5" name="ReadData.LoginTest" time="39.015" errors="0" timestamp="2024-08-26T18:49:16 IST" skipped="0">
  <testcase classname="ReadData.LoginTest" name="ninjaLoginTest" time="6.396"/>
  <system-out/>
  <testcase classname="ReadData.LoginTest" name="ninjaLoginTest" time="6.298"/>
  <system-out/>
  <testcase classname="ReadData.LoginTest" name="ninjaLoginTest" time="6.617"/>
  <system-out/>
  <testcase classname="ReadData.LoginTest" name="ninjaLoginTest" time="7.480"/>
  <system-out/>
  <testcase classname="ReadData.LoginTest" name="ninjaLoginTest" time="12.224"/>
  <system-out/>
</testsuite> <!-- ReadData.LoginTest -->
